<?xml version="1.0" encoding="UTF-8" ?>
<testsuite tests="2" failures="1" name="com.mycompany.demo1.FibonacciTest" time="0.007" errors="0" skipped="0">
  <properties>
[...]
</properties>
  <testcase classname="com.mycompany.demo1.FibonacciTest" name="com.mycompany.demo1.FibonacciTest.testCalculateFi2" time="0.001"/>
  <testcase classname="com.mycompany.demo1.FibonacciTest" name="com.mycompany.demo1.FibonacciTest.testCalculateFi" time="0.006">
    <failure message="expected: &lt;3&gt; but was: &lt;1&gt;" type="org.opentest4j.AssertionFailedError">org.opentest4j.AssertionFailedError: expected: &lt;3&gt; but was: &lt;1&gt;
	at org.junit.jupiter.api.AssertionUtils.fail(AssertionUtils.java:55)
	at org.junit.jupiter.api.AssertionUtils.failNotEqual(AssertionUtils.java:62)
	at org.junit.jupiter.api.AssertEquals.assertEquals(AssertEquals.java:150)
	at org.junit.jupiter.api.AssertEquals.assertEquals(AssertEquals.java:145)
	at org.junit.jupiter.api.Assertions.assertEquals(Assertions.java:510)
	at com.mycompany.demo1.FibonacciTest.testCalculateFi(FibonacciTest.java:24)
</failure>
    <system-out>10
</system-out>
  </testcase>
</testsuite>